[2025-01-07 22:52:56,007][flwr][INFO] - Starting Flower simulation, config: ServerConfig(num_rounds=1, round_timeout=None)
[2025-01-07 22:52:58,876][flwr][INFO] - Flower VCE: Ray initialized with resources: {'memory': 12311413556.0, 'GPU': 1.0, 'object_store_memory': 6155706777.0, 'node:127.0.0.1': 1.0, 'CPU': 8.0}
[2025-01-07 22:52:58,877][flwr][INFO] - Initializing global parameters
[2025-01-07 22:52:58,877][flwr][INFO] - Requesting initial parameters from one random client
[2025-01-07 22:53:02,975][flwr][INFO] - Received initial parameters from one random client
[2025-01-07 22:53:02,976][flwr][INFO] - Evaluating initial parameters
[2025-01-07 22:53:05,733][flwr][INFO] - initial parameters (loss, other metrics): 0.35762280225753784, {'Server Validation IoU': 0.02529439406400915}
[2025-01-07 22:53:05,747][flwr][INFO] - FL starting
[2025-01-07 22:53:05,747][flwr][DEBUG] - fit_round 1: strategy sampled 1 clients (out of 2)
[2025-01-07 22:53:11,049][flwr][DEBUG] - fit_round 1 received 1 results and 0 failures
[2025-01-07 22:53:11,091][flwr][WARNING] - No fit_metrics_aggregation_fn provided
[2025-01-07 22:53:11,186][flwr][INFO] - fit progress: (1, 0.3599116653203964, {'Server Validation IoU': 0.1075314321009068}, 5.438328099999998)
[2025-01-07 22:53:11,186][flwr][DEBUG] - evaluate_round 1: strategy sampled 1 clients (out of 2)
[2025-01-07 22:53:11,637][flwr][DEBUG] - evaluate_round 1 received 1 results and 0 failures
[2025-01-07 22:53:11,638][flwr][WARNING] - No evaluate_metrics_aggregation_fn provided
[2025-01-07 22:53:11,639][flwr][INFO] - FL finished in 5.891574399999998
[2025-01-07 22:53:11,640][flwr][INFO] - app_fit: losses_distributed [(1, 0.13711491972208023)]
[2025-01-07 22:53:11,641][flwr][INFO] - app_fit: metrics_distributed_fit {}
[2025-01-07 22:53:11,641][flwr][INFO] - app_fit: metrics_distributed {}
[2025-01-07 22:53:11,641][flwr][INFO] - app_fit: losses_centralized [(0, 0.35762280225753784), (1, 0.3599116653203964)]
[2025-01-07 22:53:11,642][flwr][INFO] - app_fit: metrics_centralized {'Server Validation IoU': [(0, 0.02529439406400915), (1, 0.1075314321009068)]}
