[2025-01-07 23:03:34,397][flwr][INFO] - Starting Flower simulation, config: ServerConfig(num_rounds=1, round_timeout=None)
[2025-01-07 23:03:37,214][flwr][INFO] - Flower VCE: Ray initialized with resources: {'object_store_memory': 6210340454.0, 'memory': 12420680910.0, 'CPU': 8.0, 'node:127.0.0.1': 1.0, 'GPU': 1.0}
[2025-01-07 23:03:37,214][flwr][INFO] - Initializing global parameters
[2025-01-07 23:03:37,214][flwr][INFO] - Requesting initial parameters from one random client
[2025-01-07 23:03:41,299][flwr][INFO] - Received initial parameters from one random client
[2025-01-07 23:03:41,299][flwr][INFO] - Evaluating initial parameters
[2025-01-07 23:03:43,825][flwr][INFO] - initial parameters (loss, other metrics): 0.35631348192691803, {'Server Validation IoU': 0.03273217580951929}
[2025-01-07 23:03:43,828][flwr][INFO] - FL starting
[2025-01-07 23:03:43,828][flwr][DEBUG] - fit_round 1: strategy sampled 1 clients (out of 2)
[2025-01-07 23:03:48,994][flwr][DEBUG] - fit_round 1 received 1 results and 0 failures
[2025-01-07 23:03:49,045][flwr][WARNING] - No fit_metrics_aggregation_fn provided
[2025-01-07 23:03:49,161][flwr][INFO] - fit progress: (1, 0.3593780845403671, {'Server Validation IoU': 0.3495573765973313}, 5.3337556)
[2025-01-07 23:03:49,162][flwr][DEBUG] - evaluate_round 1: strategy sampled 1 clients (out of 2)
[2025-01-07 23:03:49,679][flwr][DEBUG] - evaluate_round 1 received 1 results and 0 failures
[2025-01-07 23:03:49,679][flwr][WARNING] - No evaluate_metrics_aggregation_fn provided
[2025-01-07 23:03:49,679][flwr][INFO] - FL finished in 5.855754099999999
[2025-01-07 23:03:49,679][flwr][INFO] - app_fit: losses_distributed [(1, 0.13808219134807587)]
[2025-01-07 23:03:49,679][flwr][INFO] - app_fit: metrics_distributed_fit {}
[2025-01-07 23:03:49,679][flwr][INFO] - app_fit: metrics_distributed {}
[2025-01-07 23:03:49,679][flwr][INFO] - app_fit: losses_centralized [(0, 0.35631348192691803), (1, 0.3593780845403671)]
[2025-01-07 23:03:49,679][flwr][INFO] - app_fit: metrics_centralized {'Server Validation IoU': [(0, 0.03273217580951929), (1, 0.3495573765973313)]}
