[2025-01-07 21:27:07,348][flwr][INFO] - Starting Flower simulation, config: ServerConfig(num_rounds=1, round_timeout=None)
[2025-01-07 21:27:10,265][flwr][INFO] - Flower VCE: Ray initialized with resources: {'GPU': 1.0, 'CPU': 8.0, 'node:127.0.0.1': 1.0, 'memory': 12220644558.0, 'object_store_memory': 6110322278.0}
[2025-01-07 21:27:10,265][flwr][INFO] - Initializing global parameters
[2025-01-07 21:27:10,265][flwr][INFO] - Requesting initial parameters from one random client
[2025-01-07 21:27:14,320][flwr][INFO] - Received initial parameters from one random client
[2025-01-07 21:27:14,320][flwr][INFO] - Evaluating initial parameters
[2025-01-07 21:27:17,282][flwr][INFO] - initial parameters (loss, other metrics): 0.35573600232601166, {'Server Validation IoU': 0.03478273573280735}
[2025-01-07 21:27:17,282][flwr][INFO] - FL starting
[2025-01-07 21:27:17,285][flwr][DEBUG] - fit_round 1: strategy sampled 1 clients (out of 2)
[2025-01-07 21:27:23,250][flwr][DEBUG] - fit_round 1 received 1 results and 0 failures
[2025-01-07 21:27:23,297][flwr][WARNING] - No fit_metrics_aggregation_fn provided
[2025-01-07 21:27:23,393][flwr][INFO] - fit progress: (1, 0.3337611258029938, {'Server Validation IoU': 0.5342073608771055}, 6.109838)
[2025-01-07 21:27:23,395][flwr][DEBUG] - evaluate_round 1: strategy sampled 1 clients (out of 2)
[2025-01-07 21:27:23,930][flwr][DEBUG] - evaluate_round 1 received 1 results and 0 failures
[2025-01-07 21:27:23,930][flwr][WARNING] - No evaluate_metrics_aggregation_fn provided
[2025-01-07 21:27:23,932][flwr][INFO] - FL finished in 6.647592599999999
[2025-01-07 21:27:23,934][flwr][INFO] - app_fit: losses_distributed [(1, 0.10850903391838074)]
[2025-01-07 21:27:23,935][flwr][INFO] - app_fit: metrics_distributed_fit {}
[2025-01-07 21:27:23,935][flwr][INFO] - app_fit: metrics_distributed {}
[2025-01-07 21:27:23,935][flwr][INFO] - app_fit: losses_centralized [(0, 0.35573600232601166), (1, 0.3337611258029938)]
[2025-01-07 21:27:23,935][flwr][INFO] - app_fit: metrics_centralized {'Server Validation IoU': [(0, 0.03478273573280735), (1, 0.5342073608771055)]}
