[2025-01-07 23:04:54,890][flwr][INFO] - Starting Flower simulation, config: ServerConfig(num_rounds=1, round_timeout=None)
[2025-01-07 23:04:57,503][flwr][INFO] - Flower VCE: Ray initialized with resources: {'CPU': 8.0, 'object_store_memory': 6200307302.0, 'node:127.0.0.1': 1.0, 'GPU': 1.0, 'memory': 12400614606.0}
[2025-01-07 23:04:57,503][flwr][INFO] - Initializing global parameters
[2025-01-07 23:04:57,503][flwr][INFO] - Requesting initial parameters from one random client
[2025-01-07 23:05:01,420][flwr][INFO] - Received initial parameters from one random client
[2025-01-07 23:05:01,420][flwr][INFO] - Evaluating initial parameters
[2025-01-07 23:05:03,801][flwr][INFO] - initial parameters (loss, other metrics): 0.3514605462551117, {'Server Validation IoU': 0.058365010000907186}
[2025-01-07 23:05:03,815][flwr][INFO] - FL starting
[2025-01-07 23:05:03,815][flwr][DEBUG] - fit_round 1: strategy sampled 1 clients (out of 2)
[2025-01-07 23:05:08,873][flwr][DEBUG] - fit_round 1 received 1 results and 0 failures
[2025-01-07 23:05:08,914][flwr][WARNING] - No fit_metrics_aggregation_fn provided
[2025-01-07 23:05:09,014][flwr][INFO] - fit progress: (1, 0.3592770993709564, {'Server Validation IoU': 0.5164463497743104}, 5.199312300000001)
[2025-01-07 23:05:09,015][flwr][DEBUG] - evaluate_round 1: strategy sampled 1 clients (out of 2)
[2025-01-07 23:05:09,433][flwr][DEBUG] - evaluate_round 1 received 1 results and 0 failures
[2025-01-07 23:05:09,433][flwr][WARNING] - No evaluate_metrics_aggregation_fn provided
[2025-01-07 23:05:09,433][flwr][INFO] - FL finished in 5.620926800000001
[2025-01-07 23:05:09,433][flwr][INFO] - app_fit: losses_distributed [(1, 0.137925636023283)]
[2025-01-07 23:05:09,433][flwr][INFO] - app_fit: metrics_distributed_fit {}
[2025-01-07 23:05:09,433][flwr][INFO] - app_fit: metrics_distributed {}
[2025-01-07 23:05:09,433][flwr][INFO] - app_fit: losses_centralized [(0, 0.3514605462551117), (1, 0.3592770993709564)]
[2025-01-07 23:05:09,433][flwr][INFO] - app_fit: metrics_centralized {'Server Validation IoU': [(0, 0.058365010000907186), (1, 0.5164463497743104)]}
