[2025-01-07 23:05:26,891][flwr][INFO] - Starting Flower simulation, config: ServerConfig(num_rounds=1, round_timeout=None)
[2025-01-07 23:05:29,680][flwr][INFO] - Flower VCE: Ray initialized with resources: {'memory': 12487903643.0, 'GPU': 1.0, 'CPU': 8.0, 'node:127.0.0.1': 1.0, 'object_store_memory': 6243951820.0}
[2025-01-07 23:05:29,680][flwr][INFO] - Initializing global parameters
[2025-01-07 23:05:29,681][flwr][INFO] - Requesting initial parameters from one random client
[2025-01-07 23:05:33,657][flwr][INFO] - Received initial parameters from one random client
[2025-01-07 23:05:33,657][flwr][INFO] - Evaluating initial parameters
[2025-01-07 23:05:36,106][flwr][INFO] - initial parameters (loss, other metrics): 0.35175858438014984, {'Server Validation IoU': 0.05731584138090067}
[2025-01-07 23:05:36,123][flwr][INFO] - FL starting
[2025-01-07 23:05:36,123][flwr][DEBUG] - fit_round 1: strategy sampled 1 clients (out of 2)
[2025-01-07 23:05:41,491][flwr][DEBUG] - fit_round 1 received 1 results and 0 failures
[2025-01-07 23:05:41,532][flwr][WARNING] - No fit_metrics_aggregation_fn provided
[2025-01-07 23:05:41,634][flwr][INFO] - fit progress: (1, 0.3339460492134094, {'Server Validation IoU': 0.6483443158793913}, 5.509530199999999)
[2025-01-07 23:05:41,640][flwr][DEBUG] - evaluate_round 1: strategy sampled 1 clients (out of 2)
[2025-01-07 23:05:42,122][flwr][DEBUG] - evaluate_round 1 received 1 results and 0 failures
[2025-01-07 23:05:42,122][flwr][WARNING] - No evaluate_metrics_aggregation_fn provided
[2025-01-07 23:05:42,122][flwr][INFO] - FL finished in 6.005435
[2025-01-07 23:05:42,122][flwr][INFO] - app_fit: losses_distributed [(1, 0.1087921317666769)]
[2025-01-07 23:05:42,122][flwr][INFO] - app_fit: metrics_distributed_fit {}
[2025-01-07 23:05:42,122][flwr][INFO] - app_fit: metrics_distributed {}
[2025-01-07 23:05:42,122][flwr][INFO] - app_fit: losses_centralized [(0, 0.35175858438014984), (1, 0.3339460492134094)]
[2025-01-07 23:05:42,122][flwr][INFO] - app_fit: metrics_centralized {'Server Validation IoU': [(0, 0.05731584138090067), (1, 0.6483443158793913)]}
